<?xml version="1.0" encoding="UTF-8"?>
<!-- Generated by org.testng.reporters.JUnitXMLReporter -->
<testsuite hostname="LAPTOP-8LOAM9LK" ignored="0" name="Test" tests="3" failures="1" timestamp="2020-05-23T15:08:39 CDT" time="33.942" errors="0">
  <testcase name="addEmployeePage" time="13.698" classname="com.test.AddEmployeeTest"/>
  <testcase name="invalidPassword" time="1.36" classname="com.test.LoginTest">
    <failure type="java.lang.AssertionError" message="expected [Hum@nhrm123] but found [[[ChromeDriver: chrome on WINDOWS (1de39ccf8022a086775dd27930575b6d)] -&amp;gt; id: spanMessage]]">
      <![CDATA[java.lang.AssertionError: expected [Hum@nhrm123] but found [[[ChromeDriver: chrome on WINDOWS (1de39ccf8022a086775dd27930575b6d)] -> id: spanMessage]]
at com.test.LoginTest.invalidPassword(LoginTest.java:53)
at java.util.ArrayList.forEach(Unknown Source)
... Removed 31 stack frames]]>
    </failure>
  </testcase> <!-- invalidPassword -->
  <testcase name="validAdmonLogin" time="2.916" classname="com.test.LoginTest"/>
</testsuite> <!-- Test -->
